# JRE version: Java(TM) SE Runtime Environment (7.0_67-b01) (build 1.7.0_67-b01)
# Java VM: Java HotSpot(TM) 64-Bit Server VM (24.65-b04 mixed mode windows-amd64 compressed oops)
Heap
 PSYoungGen      total 56320K, used 19743K [0x00000000f0280000, 0x00000000f5d80000, 0x0000000100000000)
  eden space 49152K, 38% used [0x00000000f0280000,0x00000000f1520d70,0x00000000f3280000)
  from space 7168K, 9% used [0x00000000f3280000,0x00000000f33270c8,0x00000000f3980000)
  to   space 7168K, 0% used [0x00000000f5680000,0x00000000f5680000,0x00000000f5d80000)
 ParOldGen       total 32256K, used 26551K [0x00000000d0800000, 0x00000000d2780000, 0x00000000f0280000)
  object space 32256K, 82% used [0x00000000d0800000,0x00000000d21edce0,0x00000000d2780000)
 PSPermGen       total 27648K, used 27398K [0x00000000cb600000, 0x00000000cd100000, 0x00000000d0800000)
  object space 27648K, 99% used [0x00000000cb600000,0x00000000cd0c18e8,0x00000000cd100000)
GC Heap History (10 events):
Event: 21.094 GC heap before
{Heap before GC invocations=11 (full 0):
 PSYoungGen      total 27136K, used 19120K [0x00000000f0280000, 0x00000000f2500000, 0x0000000100000000)
  eden space 18944K, 100% used [0x00000000f0280000,0x00000000f1500000,0x00000000f1500000)
  from space 8192K, 2% used [0x00000000f1d00000,0x00000000f1d2c010,0x00000000f2500000)
  to   space 8192K, 0% used [0x00000000f1500000,0x00000000f1500000,0x00000000f1d00000)
 ParOldGen       total 32256K, used 18855K [0x00000000d0800000, 0x00000000d2780000, 0x00000000f0280000)
  object space 32256K, 58% used [0x00000000d0800000,0x00000000d1a69f20,0x00000000d2780000)
 PSPermGen       total 25088K, used 24932K [0x00000000cb600000, 0x00000000cce80000, 0x00000000d0800000)
  object space 25088K, 99% used [0x00000000cb600000,0x00000000cce592f0,0x00000000cce80000)
Event: 21.099 GC heap after
Heap after GC invocations=11 (full 0):
 PSYoungGen      total 27136K, used 1509K [0x00000000f0280000, 0x00000000f3080000, 0x0000000100000000)
  eden space 18944K, 0% used [0x00000000f0280000,0x00000000f0280000,0x00000000f1500000)
  from space 8192K, 18% used [0x00000000f1500000,0x00000000f1679640,0x00000000f1d00000)
  to   space 8192K, 0% used [0x00000000f2880000,0x00000000f2880000,0x00000000f3080000)
 ParOldGen       total 32256K, used 19015K [0x00000000d0800000, 0x00000000d2780000, 0x00000000f0280000)
  object space 32256K, 58% used [0x00000000d0800000,0x00000000d1a91f20,0x00000000d2780000)
 PSPermGen       total 25088K, used 24932K [0x00000000cb600000, 0x00000000cce80000, 0x00000000d0800000)
  object space 25088K, 99% used [0x00000000cb600000,0x00000000cce592f0,0x00000000cce80000)
}
Event: 21.318 GC heap before
{Heap before GC invocations=12 (full 0):
 PSYoungGen      total 27136K, used 20442K [0x00000000f0280000, 0x00000000f3080000, 0x0000000100000000)
  eden space 18944K, 99% used [0x00000000f0280000,0x00000000f14fd310,0x00000000f1500000)
  from space 8192K, 18% used [0x00000000f1500000,0x00000000f1679640,0x00000000f1d00000)
  to   space 8192K, 0% used [0x00000000f2880000,0x00000000f2880000,0x00000000f3080000)
 ParOldGen       total 32256K, used 19015K [0x00000000d0800000, 0x00000000d2780000, 0x00000000f0280000)
  object space 32256K, 58% used [0x00000000d0800000,0x00000000d1a91f20,0x00000000d2780000)
 PSPermGen       total 25088K, used 24990K [0x00000000cb600000, 0x00000000cce80000, 0x00000000d0800000)
  object space 25088K, 99% used [0x00000000cb600000,0x00000000cce67a00,0x00000000cce80000)
Event: 21.325 GC heap after
Heap after GC invocations=12 (full 0):
 PSYoungGen      total 38912K, used 2160K [0x00000000f0280000, 0x00000000f3080000, 0x0000000100000000)
  eden space 30720K, 0% used [0x00000000f0280000,0x00000000f0280000,0x00000000f2080000)
  from space 8192K, 26% used [0x00000000f2880000,0x00000000f2a9c010,0x00000000f3080000)
  to   space 8192K, 0% used [0x00000000f2080000,0x00000000f2080000,0x00000000f2880000)
 ParOldGen       total 32256K, used 20374K [0x00000000d0800000, 0x00000000d2780000, 0x00000000f0280000)
  object space 32256K, 63% used [0x00000000d0800000,0x00000000d1be58f0,0x00000000d2780000)
 PSPermGen       total 25088K, used 24990K [0x00000000cb600000, 0x00000000cce80000, 0x00000000d0800000)
  object space 25088K, 99% used [0x00000000cb600000,0x00000000cce67a00,0x00000000cce80000)
}
Event: 21.600 GC heap before
{Heap before GC invocations=13 (full 0):
 PSYoungGen      total 38912K, used 32880K [0x00000000f0280000, 0x00000000f3080000, 0x0000000100000000)
  eden space 30720K, 100% used [0x00000000f0280000,0x00000000f2080000,0x00000000f2080000)
  from space 8192K, 26% used [0x00000000f2880000,0x00000000f2a9c010,0x00000000f3080000)
  to   space 8192K, 0% used [0x00000000f2080000,0x00000000f2080000,0x00000000f2880000)
 ParOldGen       total 32256K, used 20374K [0x00000000d0800000, 0x00000000d2780000, 0x00000000f0280000)
  object space 32256K, 63% used [0x00000000d0800000,0x00000000d1be58f0,0x00000000d2780000)
 PSPermGen       total 25088K, used 25045K [0x00000000cb600000, 0x00000000cce80000, 0x00000000d0800000)
  object space 25088K, 99% used [0x00000000cb600000,0x00000000cce756b8,0x00000000cce80000)
Event: 21.615 GC heap after
Heap after GC invocations=13 (full 0):
 PSYoungGen      total 38912K, used 2256K [0x00000000f0280000, 0x00000000f4180000, 0x0000000100000000)
  eden space 30720K, 0% used [0x00000000f0280000,0x00000000f0280000,0x00000000f2080000)
  from space 8192K, 27% used [0x00000000f2080000,0x00000000f22b43d8,0x00000000f2880000)
  to   space 7680K, 0% used [0x00000000f3a00000,0x00000000f3a00000,0x00000000f4180000)
 ParOldGen       total 32256K, used 22414K [0x00000000d0800000, 0x00000000d2780000, 0x00000000f0280000)
  object space 32256K, 69% used [0x00000000d0800000,0x00000000d1de3910,0x00000000d2780000)
 PSPermGen       total 25088K, used 25045K [0x00000000cb600000, 0x00000000cce80000, 0x00000000d0800000)
  object space 25088K, 99% used [0x00000000cb600000,0x00000000cce756b8,0x00000000cce80000)
}
Event: 21.917 GC heap before
{Heap before GC invocations=14 (full 0):
 PSYoungGen      total 38912K, used 32976K [0x00000000f0280000, 0x00000000f4180000, 0x0000000100000000)
  eden space 30720K, 100% used [0x00000000f0280000,0x00000000f2080000,0x00000000f2080000)
  from space 8192K, 27% used [0x00000000f2080000,0x00000000f22b43d8,0x00000000f2880000)
  to   space 7680K, 0% used [0x00000000f3a00000,0x00000000f3a00000,0x00000000f4180000)
 ParOldGen       total 32256K, used 22414K [0x00000000d0800000, 0x00000000d2780000, 0x00000000f0280000)
  object space 32256K, 69% used [0x00000000d0800000,0x00000000d1de3910,0x00000000d2780000)
 PSPermGen       total 26112K, used 25999K [0x00000000cb600000, 0x00000000ccf80000, 0x00000000d0800000)
  object space 26112K, 99% used [0x00000000cb600000,0x00000000ccf63c80,0x00000000ccf80000)
Event: 21.928 GC heap after
Heap after GC invocations=14 (full 0):
 PSYoungGen      total 55808K, used 2240K [0x00000000f0280000, 0x00000000f4080000, 0x0000000100000000)
  eden space 49152K, 0% used [0x00000000f0280000,0x00000000f0280000,0x00000000f3280000)
  from space 6656K, 33% used [0x00000000f3a00000,0x00000000f3c30000,0x00000000f4080000)
  to   space 7168K, 0% used [0x00000000f3280000,0x00000000f3280000,0x00000000f3980000)
 ParOldGen       total 32256K, used 24511K [0x00000000d0800000, 0x00000000d2780000, 0x00000000f0280000)
  object space 32256K, 75% used [0x00000000d0800000,0x00000000d1fefce8,0x00000000d2780000)
 PSPermGen       total 26112K, used 25999K [0x00000000cb600000, 0x00000000ccf80000, 0x00000000d0800000)
  object space 26112K, 99% used [0x00000000cb600000,0x00000000ccf63c80,0x00000000ccf80000)
}
Event: 22.194 GC heap before
{Heap before GC invocations=15 (full 0):
 PSYoungGen      total 55808K, used 51392K [0x00000000f0280000, 0x00000000f4080000, 0x0000000100000000)
  eden space 49152K, 100% used [0x00000000f0280000,0x00000000f3280000,0x00000000f3280000)
  from space 6656K, 33% used [0x00000000f3a00000,0x00000000f3c30000,0x00000000f4080000)
  to   space 7168K, 0% used [0x00000000f3280000,0x00000000f3280000,0x00000000f3980000)
 ParOldGen       total 32256K, used 24511K [0x00000000d0800000, 0x00000000d2780000, 0x00000000f0280000)
  object space 32256K, 75% used [0x00000000d0800000,0x00000000d1fefce8,0x00000000d2780000)
 PSPermGen       total 26624K, used 26188K [0x00000000cb600000, 0x00000000cd000000, 0x00000000d0800000)
  object space 26624K, 98% used [0x00000000cb600000,0x00000000ccf93028,0x00000000cd000000)
Event: 22.200 GC heap after
Heap after GC invocations=15 (full 0):
 PSYoungGen      total 56320K, used 668K [0x00000000f0280000, 0x00000000f5d80000, 0x0000000100000000)
  eden space 49152K, 0% used [0x00000000f0280000,0x00000000f0280000,0x00000000f3280000)
  from space 7168K, 9% used [0x00000000f3280000,0x00000000f33270c8,0x00000000f3980000)
  to   space 7168K, 0% used [0x00000000f5680000,0x00000000f5680000,0x00000000f5d80000)
 ParOldGen       total 32256K, used 26551K [0x00000000d0800000, 0x00000000d2780000, 0x00000000f0280000)
  object space 32256K, 82% used [0x00000000d0800000,0x00000000d21edce0,0x00000000d2780000)
 PSPermGen       total 26624K, used 26188K [0x00000000cb600000, 0x00000000cd000000, 0x00000000d0800000)
  object space 26624K, 98% used [0x00000000cb600000,0x00000000ccf93028,0x00000000cd000000)
}

